2016-09-26 09:52:55 [ main:0 ] - [ INFO ] {dataSource-1} inited
2016-09-26 09:52:59 [ main:3624 ] - [ INFO ] system=,module=,trans=1001,--->args,Param 1=EditChannelReq{owner='WY', keyValues=[KeyValue{k=1001, v=WRITE}]}
2016-09-26 09:52:59 [ main:3730 ] - [ INFO ] execute service [1001] request id [1000016]
2016-09-26 09:53:03 [ main:7454 ] - [ INFO ] execute service [1001] request id [1000016]
2016-09-26 09:53:04 [ main:8582 ] - [ INFO ] execute service [1001] request id [1000016]
2016-09-26 09:53:04 [ main:8584 ] - [ INFO ] system=,module=,trans=1001,--->datas=Rsp{reqId='1000016', errorCode='000000', errorMsg='success', isSuccess=true}
2016-09-26 09:53:04 [ Thread-1:8624 ] - [ INFO ] {dataSource-1} closed
2016-09-26 09:54:13 [ main:0 ] - [ INFO ] {dataSource-1} inited
2016-09-26 09:54:17 [ main:3874 ] - [ INFO ] system=,module=,trans=1001,--->args,Param 1=EditChannelReq{owner='WY', keyValues=[KeyValue{k=1002, v=READ}, KeyValue{k=1001, v=WRITE}]}
2016-09-26 09:54:17 [ main:4028 ] - [ INFO ] execute service [1001] request id [1000016]
2016-09-26 09:54:17 [ main:4029 ] - [ INFO ] execute service [1001] request id [1000016]
2016-09-26 09:54:17 [ main:4031 ] - [ INFO ] execute service [1001] request id [1000016]
2016-09-26 09:54:17 [ main:4113 ] - [ INFO ] system=,module=,trans=1001,--->datas=Rsp{reqId='1000016', errorCode='000000', errorMsg='success', isSuccess=true}
2016-09-26 09:54:17 [ Thread-1:4171 ] - [ INFO ] {dataSource-1} closed
2016-09-26 09:54:52 [ main:0 ] - [ INFO ] {dataSource-1} inited
2016-09-26 09:54:57 [ main:4444 ] - [ INFO ] system=,module=,trans=1001,--->args,Param 1=EditChannelReq{owner='WY', keyValues=[KeyValue{k=1001, v=WRITE}, KeyValue{k=1002, v=READ}]}
2016-09-26 09:54:57 [ main:4577 ] - [ INFO ] execute service [1001] request id [1000017]
2016-09-26 09:54:57 [ main:4578 ] - [ INFO ] execute service [1001] request id [1000017]
2016-09-26 09:54:57 [ main:4583 ] - [ INFO ] execute service [1001] request id [1000017]
2016-09-26 09:54:57 [ main:4696 ] - [ INFO ] execute service [1001] request id [1000017]
2016-09-26 09:54:57 [ main:5019 ] - [ INFO ] execute service [1001] request id [1000017]
2016-09-26 09:54:57 [ main:5022 ] - [ INFO ] system=,module=,trans=1001,--->datas=Rsp{reqId='1000017', errorCode='000000', errorMsg='success', isSuccess=true}
2016-09-26 09:54:58 [ Thread-1:5197 ] - [ INFO ] {dataSource-1} closed
2016-09-26 09:56:02 [ main:0 ] - [ INFO ] {dataSource-1} inited
2016-09-26 09:56:06 [ main:3868 ] - [ INFO ] system=,module=,trans=1001,--->args,Param 1=EditChannelReq{owner='WY', keyValues=[KeyValue{k=1001, v=WRITE}, KeyValue{k=1002, v=READ}]}
2016-09-26 09:56:06 [ main:3970 ] - [ INFO ] execute service [1001] request id [1000017]
2016-09-26 09:56:06 [ main:3971 ] - [ INFO ] execute service [1001] request id [1000017]
2016-09-26 09:56:06 [ main:3973 ] - [ INFO ] execute service [1001] request id [1000017]
2016-09-26 09:56:06 [ main:4049 ] - [ INFO ] system=,module=,trans=1001,--->datas=Rsp{reqId='1000017', errorCode='000000', errorMsg='success', isSuccess=true}
2016-09-26 09:56:06 [ Thread-1:4115 ] - [ INFO ] {dataSource-1} closed
2016-09-26 09:56:27 [ main:0 ] - [ INFO ] {dataSource-1} inited
2016-09-26 09:56:31 [ main:3879 ] - [ INFO ] system=,module=,trans=1001,--->args,Param 1=EditChannelReq{owner='WY', keyValues=[KeyValue{k=1002, v=READ}, KeyValue{k=1001, v=WRITE}]}
2016-09-26 09:56:31 [ main:3990 ] - [ INFO ] execute service [1001] request id [1000018]
2016-09-26 09:56:31 [ main:3991 ] - [ INFO ] execute service [1001] request id [1000018]
2016-09-26 09:56:31 [ main:3994 ] - [ INFO ] execute service [1001] request id [1000018]
2016-09-26 09:56:31 [ main:4117 ] - [ INFO ] execute service [1001] request id [1000018]
2016-09-26 09:56:31 [ main:4574 ] - [ INFO ] execute service [1001] request id [1000018]
2016-09-26 09:56:31 [ main:4579 ] - [ INFO ] system=,module=,trans=1001,--->datas=Rsp{reqId='1000018', errorCode='000000', errorMsg='success', isSuccess=true}
2016-09-26 09:56:32 [ Thread-1:4887 ] - [ INFO ] {dataSource-1} closed
2016-09-26 10:09:14 [ main:0 ] - [ INFO ] {dataSource-1} inited
2016-09-26 10:09:21 [ main:6479 ] - [ INFO ] system=,module=,trans=1001,--->args,Param 1=EditChannelReq{owner='WY', keyValues=[KeyValue{k=1002, v=READ}, KeyValue{k=1001, v=WRITE}]}
2016-09-26 10:09:21 [ main:6667 ] - [ INFO ] execute service [1001] request id [1000018]
2016-09-26 10:09:21 [ main:6672 ] - [ INFO ] execute service [1001] request id [1000018]
2016-09-26 10:09:21 [ main:6675 ] - [ INFO ] execute service [1001] request id [1000018]
2016-09-26 10:09:21 [ main:6764 ] - [ INFO ] system=,module=,trans=1001,--->datas=Rsp{reqId='1000018', errorCode='000000', errorMsg='success', isSuccess=true}
2016-09-26 10:09:21 [ Thread-1:6868 ] - [ INFO ] {dataSource-1} closed
2016-09-26 10:10:46 [ main:0 ] - [ INFO ] {dataSource-1} inited
2016-09-26 10:10:50 [ main:4268 ] - [ INFO ] system=,module=,trans=1001,--->args,Param 1=EditChannelReq{owner='WY', keyValues=[KeyValue{k=1002, v=READ}, KeyValue{k=1001, v=WRITE}]}
2016-09-26 10:10:50 [ main:4383 ] - [ INFO ] execute service [1001] request id [1000018]
2016-09-26 10:10:50 [ main:4384 ] - [ INFO ] execute service [1001] request id [1000018]
2016-09-26 10:10:50 [ main:4386 ] - [ INFO ] execute service [1001] request id [1000018]
2016-09-26 10:10:50 [ main:4466 ] - [ INFO ] system=,module=,trans=1001,--->datas=Rsp{reqId='1000018', errorCode='000000', errorMsg='success', isSuccess=true}
2016-09-26 10:10:51 [ Thread-1:4524 ] - [ INFO ] {dataSource-1} closed
2016-09-26 10:11:14 [ main:0 ] - [ INFO ] {dataSource-1} inited
2016-09-26 10:11:18 [ main:3684 ] - [ INFO ] system=,module=,trans=1001,--->args,Param 1=EditChannelReq{owner='WY', keyValues=[KeyValue{k=1002, v=READ}, KeyValue{k=1001, v=WRITE}]}
2016-09-26 10:11:18 [ main:3785 ] - [ INFO ] execute service [1001] request id [1000019]
2016-09-26 10:11:18 [ main:3786 ] - [ INFO ] execute service [1001] request id [1000019]
2016-09-26 10:11:18 [ main:3789 ] - [ INFO ] execute service [1001] request id [1000019]
2016-09-26 10:11:18 [ main:3885 ] - [ INFO ] execute service [1001] request id [1000019]
2016-09-26 10:11:19 [ main:4254 ] - [ INFO ] execute service [1001] request id [1000019]
2016-09-26 10:11:19 [ main:4257 ] - [ INFO ] system=,module=,trans=1001,--->datas=Rsp{reqId='1000019', errorCode='000000', errorMsg='success', isSuccess=true}
2016-09-26 10:11:19 [ Thread-1:4494 ] - [ INFO ] {dataSource-1} closed
2016-09-26 12:38:01 [ main:1 ] - [ INFO ] {dataSource-1} inited
2016-09-26 12:38:05 [ main:3544 ] - [ INFO ] {dataSource-1} closed
2016-09-26 12:40:45 [ main:0 ] - [ INFO ] {dataSource-1} inited
2016-09-26 12:40:50 [ main:5340 ] - [ INFO ] system=,module=,trans=1001,--->args,Param 1=EditChannelReq{owner='WY', keyValues=[KeyValue{k=1001, v=WRITE}, KeyValue{k=1002, v=READ}]}
2016-09-26 12:40:51 [ main:5506 ] - [ INFO ] execute service [1001] request id [1000019]
2016-09-26 12:40:51 [ main:5507 ] - [ INFO ] execute service [1001] request id [1000019]
2016-09-26 12:40:51 [ main:5510 ] - [ INFO ] execute service [1001] request id [1000019]
2016-09-26 12:40:51 [ main:5635 ] - [ INFO ] system=,module=,trans=1001,--->datas=Rsp{reqId='1000019', errorCode='000000', errorMsg='success', isSuccess=true}
2016-09-26 12:40:51 [ Thread-1:5809 ] - [ INFO ] {dataSource-1} closed
2016-09-26 12:46:00 [ main:0 ] - [ INFO ] {dataSource-1} inited
2016-09-26 12:46:05 [ main:5225 ] - [ INFO ] system=,module=,trans=1001,--->args,Param 1=EditChannelReq{owner='WY', keyValues=[KeyValue{k=1002, v=READ}, KeyValue{k=1001, v=WRITE}]}
2016-09-26 12:46:06 [ main:5396 ] - [ INFO ] execute service [1001] request id [1000019]
2016-09-26 12:46:06 [ main:5397 ] - [ INFO ] execute service [1001] request id [1000019]
2016-09-26 12:46:06 [ main:5403 ] - [ INFO ] execute service [1001] request id [1000019]
2016-09-26 12:46:06 [ main:5508 ] - [ INFO ] system=,module=,trans=1001,--->datas=Rsp{reqId='1000019', errorCode='000000', errorMsg='success', isSuccess=true}
2016-09-26 12:46:06 [ Thread-1:5570 ] - [ INFO ] {dataSource-1} closed
2016-09-26 12:53:13 [ main:0 ] - [ INFO ] {dataSource-1} inited
2016-09-26 12:53:18 [ main:5391 ] - [ INFO ] system=,module=,trans=1001,--->args,Param 1=EditChannelReq{owner='WY', keyValues=[KeyValue{k=1001, v=WRITE}, KeyValue{k=1002, v=READ}]}
2016-09-26 12:53:18 [ main:5640 ] - [ INFO ] execute service [1001] request id [1000019]
2016-09-26 12:53:18 [ main:5643 ] - [ INFO ] execute service [1001] request id [1000019]
2016-09-26 12:53:18 [ main:5646 ] - [ INFO ] execute service [1001] request id [1000019]
2016-09-26 12:53:18 [ main:5814 ] - [ INFO ] system=,module=,trans=1001,--->datas=Rsp{reqId='1000019', errorCode='000000', errorMsg='success', isSuccess=true}
2016-09-26 12:53:18 [ Thread-1:5929 ] - [ INFO ] {dataSource-1} closed
2016-09-26 12:55:55 [ main:0 ] - [ INFO ] {dataSource-1} inited
2016-09-26 12:56:00 [ main:5454 ] - [ INFO ] system=,module=,trans=1001,--->args,Param 1=EditChannelReq{owner='WY', keyValues=[KeyValue{k=1002, v=READ}, KeyValue{k=1001, v=WRITE}]}
2016-09-26 12:56:00 [ main:5686 ] - [ INFO ] execute service [1001] request id [1000020]
2016-09-26 12:56:00 [ main:5687 ] - [ INFO ] execute service [1001] request id [1000020]
2016-09-26 12:56:00 [ main:5690 ] - [ INFO ] execute service [1001] request id [1000020]
2016-09-26 12:56:00 [ main:5810 ] - [ INFO ] execute service [1001] request id [1000020]
2016-09-26 12:56:01 [ main:6249 ] - [ INFO ] execute service [1001] request id [1000020]
2016-09-26 12:56:01 [ main:6256 ] - [ INFO ] system=,module=,trans=1001,--->datas=Rsp{reqId='1000020', errorCode='000000', errorMsg='success', isSuccess=true}
2016-09-26 12:56:01 [ Thread-1:6483 ] - [ INFO ] {dataSource-1} closed
2016-09-26 12:56:37 [ main:0 ] - [ INFO ] {dataSource-1} inited
2016-09-26 12:56:42 [ main:5276 ] - [ INFO ] system=,module=,trans=1001,--->args,Param 1=EditChannelReq{owner='WY', keyValues=[KeyValue{k=1001, v=WRITE}, KeyValue{k=1002, v=READ}]}
2016-09-26 12:56:42 [ main:5427 ] - [ INFO ] execute service [1001] request id [1000020]
2016-09-26 12:56:42 [ main:5428 ] - [ INFO ] execute service [1001] request id [1000020]
2016-09-26 12:56:42 [ main:5436 ] - [ INFO ] execute service [1001] request id [1000020]
2016-09-26 12:56:42 [ main:5541 ] - [ INFO ] system=,module=,trans=1001,--->datas=Rsp{reqId='1000020', errorCode='000000', errorMsg='success', isSuccess=true}
2016-09-26 12:56:42 [ Thread-1:5613 ] - [ INFO ] {dataSource-1} closed
